#
# There is insufficient memory for the Java Runtime Environment to continue.
# Native memory allocation (mmap) failed to map 134217728 bytes for G1 virtual space
# Possible reasons:
#   The system is out of physical RAM or swap space
#   The process is running with CompressedOops enabled, and the Java Heap may be blocking the growth of the native heap
# Possible solutions:
#   Reduce memory load on the system
#   Increase physical memory or swap space
#   Check if swap backing store is full
#   Decrease Java heap size (-Xmx/-Xms)
#   Decrease number of Java threads
#   Decrease Java thread stack sizes (-Xss)
#   Set larger code cache with -XX:ReservedCodeCacheSize=
#   JVM is running with Unscaled Compressed Oops mode in which the Java heap is
#     placed in the first 4GB address space. The Java Heap base address is the
#     maximum limit for the native heap growth. Please use -XX:HeapBaseMinAddress
#     to set the Java Heap base and to place the Java Heap above 4GB virtual address.
# This output file may be truncated or incomplete.
#
#  Out of Memory Error (os_windows.cpp:3557), pid=33784, tid=32024
#
# JRE version:  (17.0.6+10) (build )
# Java VM: OpenJDK 64-Bit Server VM (17.0.6+10, mixed mode, sharing, tiered, compressed oops, compressed class ptrs, g1 gc, windows-amd64)
# No core dump will be written. Minidumps are not enabled by default on client versions of Windows
#

---------------  S U M M A R Y ------------

Command Line: -Dfile.encoding=UTF-8 --module-path=C:\workspace-java\collection\bin -XX:+ShowCodeDetailsInExceptionMessages -Djdk.module.main=collection collection/guide.practice03.PracticeMap

Host: Intel(R) Core(TM) i7-7700HQ CPU @ 2.80GHz, 8 cores, 7G,  Windows 10 , 64 bit Build 19041 (10.0.19041.2913)
Time: Sat May 13 19:06:42 2023  Windows 10 , 64 bit Build 19041 (10.0.19041.2913) elapsed time: 0.027426 seconds (0d 0h 0m 0s)

---------------  T H R E A D  ---------------

Current thread (0x000001807281a870):  JavaThread "Unknown thread" [_thread_in_vm, id=32024, stack(0x0000002489500000,0x0000002489600000)]

Stack: [0x0000002489500000,0x0000002489600000]
Native frames: (J=compiled Java code, j=interpreted, Vv=VM code, C=native code)
V  [jvm.dll+0x67741a]
V  [jvm.dll+0x834434]
V  [jvm.dll+0x835bde]
V  [jvm.dll+0x836243]
V  [jvm.dll+0x2457b5]
V  [jvm.dll+0x674329]
V  [jvm.dll+0x6689da]
V  [jvm.dll+0x30489b]
V  [jvm.dll+0x30bd96]
V  [jvm.dll+0x35b57e]
V  [jvm.dll+0x35b7af]
V  [jvm.dll+0x2db778]
V  [jvm.dll+0x2dc6e4]
V  [jvm.dll+0x806131]
V  [jvm.dll+0x369331]
V  [jvm.dll+0x7e56ac]
V  [jvm.dll+0x3eb35f]
V  [jvm.dll+0x3ecea1]
C  [jli.dll+0x5267]
C  [ucrtbase.dll+0x21bb2]
C  [KERNEL32.DLL+0x17614]
C  [ntdll.dll+0x526a1]


---------------  P R O C E S S  ---------------

Threads class SMR info:
_java_thread_list=0x00007ffef5785fd8, length=0, elements={
}

Java Threads: ( => current thread )

Other Threads:
  0x0000018072879ae0 GCTaskThread "GC Thread#0" [stack: 0x0000002489600000,0x0000002489700000] [id=1612]
  0x000001807288ad20 ConcurrentGCThread "G1 Main Marker" [stack: 0x0000002489700000,0x0000002489800000] [id=8120]
  0x000001807288b5d0 ConcurrentGCThread "G1 Conc#0" [stack: 0x0000002489800000,0x0000002489900000] [id=11068]

[error occurred during error reporting (printing all threads), id 0xc0000005, EXCEPTION_ACCESS_VIOLATION (0xc0000005) at pc=0x00007ffef4f5c1e7]

VM state: not at safepoint (not fully initialized)

VM Mutex/Monitor currently owned by a thread:  ([mutex/lock_event])
[0x0000018072815040] Heap_lock - owner thread: 0x000001807281a870

Heap address: 0x0000000081a00000, size: 2022 MB, Compressed Oops mode: 32-bit

CDS archive(s) mapped at: [0x0000000000000000-0x0000000000000000-0x0000000000000000), size 0, SharedBaseAddress: 0x0000000800000000, ArchiveRelocationMode: 0.
Narrow klass base: 0x0000000000000000, Narrow klass shift: 0, Narrow klass range: 0x0

GC Precious Log:
<Empty>

Heap:
 garbage-first heap   total 0K, used 0K [0x0000000081a00000, 0x0000000100000000)
  region size 1024K, 0 young (0K), 0 survivors (0K)

[error occurred during error reporting (printing heap information), id 0xc0000005, EXCEPTION_ACCESS_VIOLATION (0xc0000005) at pc=0x00007ffef53406f9]

GC Heap History (0 events):
No events

Dll operation events (1 events):
Event: 0.017 Loaded shared library C:\Users\±ËπŒ¡ÿ\Desktop\eclipse-java-2023-03-R-win32-x86_64\eclipse\plugins\org.eclipse.justj.openjdk.hotspot.jre.full.win32.x86_64_17.0.6.v20230204-1729\jre\bin\java.dll

Deoptimization events (0 events):
No events

Classes unloaded (0 events):
No events

Classes redefined (0 events):
No events

Internal exceptions (0 events):
No events

VM Operations (0 events):
No events

Events (0 events):
No events


Dynamic libraries:
0x00007ff75d290000 - 0x00007ff75d29e000 	C:\Users\±ËπŒ¡ÿ\Desktop\eclipse-java-2023-03-R-win32-x86_64\eclipse\plugins\org.eclipse.justj.openjdk.hotspot.jre.full.win32.x86_64_17.0.6.v20230204-1729\jre\bin\javaw.exe
0x00007fff6e5d0000 - 0x00007fff6e7c8000 	C:\WINDOWS\SYSTEM32\ntdll.dll
0x00007fff6c630000 - 0x00007fff6c6ef000 	C:\WINDOWS\System32\KERNEL32.DLL
0x00007fff6c090000 - 0x00007fff6c386000 	C:\WINDOWS\System32\KERNELBASE.dll
0x00007fff6bcb0000 - 0x00007fff6bdb0000 	C:\WINDOWS\System32\ucrtbase.dll
0x00007fff5db50000 - 0x00007fff5db67000 	C:\Users\±ËπŒ¡ÿ\Desktop\eclipse-java-2023-03-R-win32-x86_64\eclipse\plugins\org.eclipse.justj.openjdk.hotspot.jre.full.win32.x86_64_17.0.6.v20230204-1729\jre\bin\jli.dll
0x00007fff44f40000 - 0x00007fff44f59000 	C:\Users\±ËπŒ¡ÿ\Desktop\eclipse-java-2023-03-R-win32-x86_64\eclipse\plugins\org.eclipse.justj.openjdk.hotspot.jre.full.win32.x86_64_17.0.6.v20230204-1729\jre\bin\VCRUNTIME140.dll
0x00007fff6d2f0000 - 0x00007fff6d48d000 	C:\WINDOWS\System32\USER32.dll
0x00007fff6bdb0000 - 0x00007fff6bdd2000 	C:\WINDOWS\System32\win32u.dll
0x00007fff6c970000 - 0x00007fff6c99c000 	C:\WINDOWS\System32\GDI32.dll
0x00007fff6c480000 - 0x00007fff6c595000 	C:\WINDOWS\System32\gdi32full.dll
0x00007fff5fe40000 - 0x00007fff600da000 	C:\WINDOWS\WinSxS\amd64_microsoft.windows.common-controls_6595b64144ccf1df_6.0.19041.1110_none_60b5254171f9507e\COMCTL32.dll
0x00007fff6c3e0000 - 0x00007fff6c47d000 	C:\WINDOWS\System32\msvcp_win.dll
0x00007fff6c6f0000 - 0x00007fff6c78e000 	C:\WINDOWS\System32\msvcrt.dll
0x00007fff6d2c0000 - 0x00007fff6d2f0000 	C:\WINDOWS\System32\IMM32.DLL
0x00007fff64bf0000 - 0x00007fff64bfc000 	C:\Users\±ËπŒ¡ÿ\Desktop\eclipse-java-2023-03-R-win32-x86_64\eclipse\plugins\org.eclipse.justj.openjdk.hotspot.jre.full.win32.x86_64_17.0.6.v20230204-1729\jre\bin\vcruntime140_1.dll
0x00007fff2ebe0000 - 0x00007fff2ec71000 	C:\Users\±ËπŒ¡ÿ\Desktop\eclipse-java-2023-03-R-win32-x86_64\eclipse\plugins\org.eclipse.justj.openjdk.hotspot.jre.full.win32.x86_64_17.0.6.v20230204-1729\jre\bin\msvcp140.dll
0x00007ffef4c70000 - 0x00007ffef58b7000 	C:\Users\±ËπŒ¡ÿ\Desktop\eclipse-java-2023-03-R-win32-x86_64\eclipse\plugins\org.eclipse.justj.openjdk.hotspot.jre.full.win32.x86_64_17.0.6.v20230204-1729\jre\bin\server\jvm.dll
0x00007fff6e130000 - 0x00007fff6e1df000 	C:\WINDOWS\System32\ADVAPI32.dll
0x00007fff6dee0000 - 0x00007fff6df7c000 	C:\WINDOWS\System32\sechost.dll
0x00007fff6e370000 - 0x00007fff6e496000 	C:\WINDOWS\System32\RPCRT4.dll
0x00007fff5fd70000 - 0x00007fff5fd79000 	C:\WINDOWS\SYSTEM32\WSOCK32.dll
0x00007fff5c750000 - 0x00007fff5c777000 	C:\WINDOWS\SYSTEM32\WINMM.dll
0x00007fff6d4f0000 - 0x00007fff6d55b000 	C:\WINDOWS\System32\WS2_32.dll
0x00007fff63f10000 - 0x00007fff63f1a000 	C:\WINDOWS\SYSTEM32\VERSION.dll
0x00007fff6a550000 - 0x00007fff6a562000 	C:\WINDOWS\SYSTEM32\kernel.appcore.dll
0x00007fff64b10000 - 0x00007fff64b1a000 	C:\Users\±ËπŒ¡ÿ\Desktop\eclipse-java-2023-03-R-win32-x86_64\eclipse\plugins\org.eclipse.justj.openjdk.hotspot.jre.full.win32.x86_64_17.0.6.v20230204-1729\jre\bin\jimage.dll
0x00007fff69b40000 - 0x00007fff69d24000 	C:\WINDOWS\SYSTEM32\DBGHELP.DLL
0x00007fff63c70000 - 0x00007fff63ca4000 	C:\WINDOWS\SYSTEM32\dbgcore.DLL
0x00007fff6c5a0000 - 0x00007fff6c622000 	C:\WINDOWS\System32\bcryptPrimitives.dll
0x00007fff44920000 - 0x00007fff44945000 	C:\Users\±ËπŒ¡ÿ\Desktop\eclipse-java-2023-03-R-win32-x86_64\eclipse\plugins\org.eclipse.justj.openjdk.hotspot.jre.full.win32.x86_64_17.0.6.v20230204-1729\jre\bin\java.dll

dbghelp: loaded successfully - version: 4.0.5 - missing functions: none
symbol engine: initialized successfully - sym options: 0x614 - pdb path: .;C:\Users\±ËπŒ¡ÿ\Desktop\eclipse-java-2023-03-R-win32-x86_64\eclipse\plugins\org.eclipse.justj.openjdk.hotspot.jre.full.win32.x86_64_17.0.6.v20230204-1729\jre\bin;C:\WINDOWS\SYSTEM32;C:\WINDOWS\WinSxS\amd64_microsoft.windows.common-controls_6595b64144ccf1df_6.0.19041.1110_none_60b5254171f9507e;C:\Users\±ËπŒ¡ÿ\Desktop\eclipse-java-2023-03-R-win32-x86_64\eclipse\plugins\org.eclipse.justj.openjdk.hotspot.jre.full.win32.x86_64_17.0.6.v20230204-1729\jre\bin\;C:\Users\±ËπŒ¡ÿ\Desktop\eclipse-java-2023-03-R-win32-x86_64\eclipse\plugins\org.eclipse.justj.openjdk.hotspot.jre.full.win32.x86_64_17.0.6.v20230204-1729\jre\b

VM Arguments:
jvm_args: -Dfile.encoding=UTF-8 --module-path=C:\workspace-java\collection\bin -XX:+ShowCodeDetailsInExceptionMessages -Djdk.module.main=collection 
java_command: collection/guide.practice03.PracticeMap
java_class_path (initial): <not set>
Launcher Type: SUN_STANDARD

[Global flags]
     intx CICompilerCount                          = 4                                         {product} {ergonomic}
     uint ConcGCThreads                            = 2                                         {product} {ergonomic}
     uint G1ConcRefinementThreads                  = 8                                         {product} {ergonomic}
   size_t G1HeapRegionSize                         = 1048576                                   {product} {ergonomic}
    uintx GCDrainStackTargetSize                   = 64                                        {product} {ergonomic}
   size_t InitialHeapSize                          = 134217728                                 {product} {ergonomic}
   size_t MarkStackSize                            = 4194304                                   {product} {ergonomic}
   size_t MaxHeapSize                              = 2120220672                                {product} {ergonomic}
   size_t MinHeapDeltaBytes                        = 1048576                                   {product} {ergonomic}
   size_t MinHeapSize                              = 8388608                                   {product} {ergonomic}
    uintx NonNMethodCodeHeapSize                   = 5839372                                {pd product} {ergonomic}
    uintx NonProfiledCodeHeapSize                  = 122909434                              {pd product} {ergonomic}
    uintx ProfiledCodeHeapSize                     = 122909434                              {pd product} {ergonomic}
    uintx ReservedCodeCacheSize                    = 251658240                              {pd product} {ergonomic}
     bool SegmentedCodeCache                       = true                                      {product} {ergonomic}
     bool ShowCodeDetailsInExceptionMessages       = true                                   {manageable} {command line}
   size_t SoftMaxHeapSize                          = 2120220672                             {manageable} {ergonomic}
     bool UseCompressedClassPointers               = true                           {product lp64_product} {ergonomic}
     bool UseCompressedOops                        = true                           {product lp64_product} {ergonomic}
     bool UseG1GC                                  = true                                      {product} {ergonomic}
     bool UseLargePagesIndividualAllocation        = false                                  {pd product} {ergonomic}

Logging:
Log output configuration:
 #0: stdout all=warning uptime,level,tags
 #1: stderr all=off uptime,level,tags

Environment Variables:
PATH=C:/Users/±ËπŒ¡ÿ/Desktop/eclipse-java-2023-03-R-win32-x86_64/eclipse//plugins/org.eclipse.justj.openjdk.hotspot.jre.full.win32.x86_64_17.0.6.v20230204-1729/jre/bin/server;C:/Users/±ËπŒ¡ÿ/Desktop/eclipse-java-2023-03-R-win32-x86_64/eclipse//plugins/org.eclipse.justj.openjdk.hotspot.jre.full.win32.x86_64_17.0.6.v20230204-1729/jre/bin;C:\Program Files\Common Files\Oracle\Java\javapath;C:\Program Files (x86)\Common Files\Oracle\Java\javapath;C:\Program Files (x86)\Intel\iCLS Client\;C:\Program Files\Intel\iCLS Client\;C:\Windows\system32;C:\Windows;C:\Windows\System32\Wbem;C:\Windows\System32\WindowsPowerShell\v1.0\;C:\Program Files (x86)\Intel\Intel(R) Management Engine Components\DAL;C:\Program Files\Intel\Intel(R) Management Engine Components\DAL;C:\Program Files (x86)\Intel\Intel(R) Management Engine Components\IPT;C:\Program Files\Intel\Intel(R) Management Engine Components\IPT;C:\Program Files (x86)\NVIDIA Corporation\PhysX\Common;C:\WINDOWS\system32;C:\WINDOWS;C:\WINDOWS\System32\Wbem;C:\WINDOWS\System32\WindowsPowerShell\v1.0\;C:\WINDOWS\System32\OpenSSH\;C:\Kings\KOS;C:\Kings\KOS\x64;C:\Users\±ËπŒ¡ÿ\AppData\Local\Microsoft\WindowsApps;;C:\Users\±ËπŒ¡ÿ\AppData\Local\Programs\Microsoft VS Code\bin;C:\Users\±ËπŒ¡ÿ\AppData\Local\afreeca;C:\Users\±ËπŒ¡ÿ\Desktop\eclipse-java-2023-03-R-win32-x86_64\eclipse;
USERNAME=±ËπŒ¡ÿ
OS=Windows_NT
PROCESSOR_IDENTIFIER=Intel64 Family 6 Model 158 Stepping 9, GenuineIntel
TMP=C:\Users\±ËπŒ¡ÿ\AppData\Local\Temp
TEMP=C:\Users\±ËπŒ¡ÿ\AppData\Local\Temp



---------------  S Y S T E M  ---------------

OS:
 Windows 10 , 64 bit Build 19041 (10.0.19041.2913)
OS uptime: 0 days 15:42 hours

CPU: total 8 (initial active 8) (4 cores per cpu, 2 threads per core) family 6 model 158 stepping 9 microcode 0xb4, cx8, cmov, fxsr, ht, mmx, 3dnowpref, sse, sse2, sse3, ssse3, sse4.1, sse4.2, popcnt, lzcnt, tsc, tscinvbit, avx, avx2, aes, erms, clmul, bmi1, bmi2, adx, fma, vzeroupper, clflush, clflushopt

Memory: 4k page, system-wide physical 8084M (778M free)
TotalPageFile size 23187M (AvailPageFile size 80M)
current process WorkingSet (physical memory assigned to process): 10M, peak: 10M
current process commit charge ("private bytes"): 60M, peak: 188M

vm_info: OpenJDK 64-Bit Server VM (17.0.6+10) for windows-amd64 JRE (17.0.6+10), built on Jan 18 2023 10:08:59 by "temurin" with MS VC++ 16.7 (VS2019)

END.
